<?xml version="1.0" encoding="UTF-8"?>
<!-- Generated by org.testng.reporters.JUnitReportReporter -->
<testsuite skipped="0" hostname="acer" name="testCases.WriteReviewInTripAdvisor" tests="1" failures="0" timestamp="25 Dec 2019 10:47:46 GMT" time="84.572" errors="0">
  <testcase name="WriteReview" time="84.572" classname="testCases.WriteReviewInTripAdvisor"/>
</testsuite> <!-- testCases.WriteReviewInTripAdvisor -->
