<?xml version="1.0" encoding="UTF-8"?>
<!-- Generated by org.testng.reporters.JUnitReportReporter -->
<testsuite skipped="0" hostname="acer" name="testCases.PriceComparer" tests="1" failures="0" timestamp="24 Dec 2019 02:54:39 GMT" time="23.941" errors="0">
  <testcase name="pricecompare" time="23.941" classname="testCases.PriceComparer"/>
</testsuite> <!-- testCases.PriceComparer -->
